17:07:37 05/17/19 FILE=D:/Project/JLDS/web/shop/index.php [info] array (
  'config_type' => 
  array (
    0 => 'plugin',
  ),
  'app_id' => '102',
  'admin_account' => 'admin',
  'sub_site_id' => '0',
  'rtime' => '1558084056',
  'token' => '54af75488b66388edfe31f406098c31d',
)
17:07:37 05/17/19 FILE=D:/Project/JLDS/web/shop/index.php [info] $tmp_str:admin_account=admin&app_id=102&config_type%5B0%5D=plugin&rtime=1558084056&sub_site_id=0&key=aaaaaabbb
17:07:37 05/17/19 FILE=D:/Project/JLDS/web/shop/index.php [info] md5-key:54af75488b66388edfe31f406098c31d
17:07:39 05/17/19 FILE=D:/Project/JLDS/web/shop/index.php [info] array (
  'app_id' => '102',
  'admin_account' => 'admin',
  'sub_site_id' => '0',
  'rtime' => '1558084059',
  'token' => '29086b0b3b0dfcf26f0f9c0a5e5dda1b',
)
17:07:39 05/17/19 FILE=D:/Project/JLDS/web/shop/index.php [info] $tmp_str:admin_account=admin&app_id=102&rtime=1558084059&sub_site_id=0&key=aaaaaabbb
17:07:39 05/17/19 FILE=D:/Project/JLDS/web/shop/index.php [info] md5-key:29086b0b3b0dfcf26f0f9c0a5e5dda1b
