17:07:36 05/17/19 FILE=D:/Project/JLDS/web/shop_admin/index.php [debug] SELECT SQL_CALC_FOUND_ROWS * FROM yf_admin_user_base WHERE 1   AND user_id=10001 LIMIT 500 
17:07:36 05/17/19 FILE=D:/Project/JLDS/web/shop_admin/index.php [debug] SELECT SQL_CALC_FOUND_ROWS * FROM yf_admin_user_base WHERE 1   AND user_id=10001 LIMIT 500 
17:07:36 05/17/19 FILE=D:/Project/JLDS/web/shop_admin/index.php [debug] SELECT SQL_CALC_FOUND_ROWS * FROM yf_admin_user_base WHERE 1   AND user_id=10001 LIMIT 500 
17:07:36 05/17/19 FILE=D:/Project/JLDS/web/shop_admin/index.php [debug] SELECT SQL_CALC_FOUND_ROWS * FROM yf_admin_rights_group WHERE 1   AND rights_group_id=1 LIMIT 500 
17:07:36 05/17/19 FILE=D:/Project/JLDS/web/shop_admin/index.php [debug] SELECT  SQL_CALC_FOUND_ROWS menu_id FROM yf_admin_menu WHERE 1   AND menu_url_ctl="Config" AND menu_url_met="plugin" AND menu_url_parem="config_type%5B%5D=plugin" LIMIT 0, 1
17:07:36 05/17/19 FILE=D:/Project/JLDS/web/shop_admin/index.php [debug] SELECT SQL_CALC_FOUND_ROWS * FROM yf_admin_menu WHERE 1   AND menu_id IN (11031) LIMIT 500 
17:07:36 05/17/19 FILE=D:/Project/JLDS/web/shop_admin/index.php [debug] SELECT  SQL_CALC_FOUND_ROWS menu_id FROM yf_admin_menu WHERE 1   AND menu_id=11003 LIMIT 0, 1
17:07:36 05/17/19 FILE=D:/Project/JLDS/web/shop_admin/index.php [debug] SELECT SQL_CALC_FOUND_ROWS * FROM yf_admin_menu WHERE 1   AND menu_id IN (11003) LIMIT 500 
17:07:36 05/17/19 FILE=D:/Project/JLDS/web/shop_admin/index.php [debug] SELECT  SQL_CALC_FOUND_ROWS menu_id FROM yf_admin_menu WHERE 1   AND menu_parent_id=11003 LIMIT 500 
17:07:36 05/17/19 FILE=D:/Project/JLDS/web/shop_admin/index.php [debug] SELECT SQL_CALC_FOUND_ROWS * FROM yf_admin_menu WHERE 1   AND menu_id IN (11031,11032,11033,11034,11035) LIMIT 500 
17:07:38 05/17/19 FILE=D:/Project/JLDS/web/shop_admin/index.php [debug] SELECT SQL_CALC_FOUND_ROWS * FROM yf_admin_user_base WHERE 1   AND user_id=10001 LIMIT 500 
17:07:38 05/17/19 FILE=D:/Project/JLDS/web/shop_admin/index.php [debug] SELECT SQL_CALC_FOUND_ROWS * FROM yf_admin_user_base WHERE 1   AND user_id=10001 LIMIT 500 
17:07:38 05/17/19 FILE=D:/Project/JLDS/web/shop_admin/index.php [debug] SELECT SQL_CALC_FOUND_ROWS * FROM yf_admin_user_base WHERE 1   AND user_id=10001 LIMIT 500 
17:07:38 05/17/19 FILE=D:/Project/JLDS/web/shop_admin/index.php [debug] SELECT SQL_CALC_FOUND_ROWS * FROM yf_admin_rights_group WHERE 1   AND rights_group_id=1 LIMIT 500 
17:07:38 05/17/19 FILE=D:/Project/JLDS/web/shop_admin/index.php [debug] SELECT  SQL_CALC_FOUND_ROWS menu_id FROM yf_admin_menu WHERE 1   AND menu_url_ctl="Config" AND menu_url_met="cacheManage" AND menu_url_parem="" LIMIT 0, 1
17:07:38 05/17/19 FILE=D:/Project/JLDS/web/shop_admin/index.php [debug] SELECT SQL_CALC_FOUND_ROWS * FROM yf_admin_menu WHERE 1   AND menu_id IN (11032) LIMIT 500 
17:07:38 05/17/19 FILE=D:/Project/JLDS/web/shop_admin/index.php [debug] SELECT  SQL_CALC_FOUND_ROWS menu_id FROM yf_admin_menu WHERE 1   AND menu_id=11003 LIMIT 0, 1
17:07:38 05/17/19 FILE=D:/Project/JLDS/web/shop_admin/index.php [debug] SELECT SQL_CALC_FOUND_ROWS * FROM yf_admin_menu WHERE 1   AND menu_id IN (11003) LIMIT 500 
17:07:38 05/17/19 FILE=D:/Project/JLDS/web/shop_admin/index.php [debug] SELECT  SQL_CALC_FOUND_ROWS menu_id FROM yf_admin_menu WHERE 1   AND menu_parent_id=11003 LIMIT 500 
17:07:38 05/17/19 FILE=D:/Project/JLDS/web/shop_admin/index.php [debug] SELECT SQL_CALC_FOUND_ROWS * FROM yf_admin_menu WHERE 1   AND menu_id IN (11031,11032,11033,11034,11035) LIMIT 500 
17:07:39 05/17/19 FILE=D:/Project/JLDS/web/shop_admin/index.php [debug] SELECT SQL_CALC_FOUND_ROWS * FROM yf_admin_user_base WHERE 1   AND user_id=10001 LIMIT 500 
17:07:39 05/17/19 FILE=D:/Project/JLDS/web/shop_admin/index.php [debug] SELECT SQL_CALC_FOUND_ROWS * FROM yf_admin_user_base WHERE 1   AND user_id=10001 LIMIT 500 
17:07:39 05/17/19 FILE=D:/Project/JLDS/web/shop_admin/index.php [debug] SELECT SQL_CALC_FOUND_ROWS * FROM yf_admin_user_base WHERE 1   AND user_id=10001 LIMIT 500 
17:07:39 05/17/19 FILE=D:/Project/JLDS/web/shop_admin/index.php [debug] SELECT SQL_CALC_FOUND_ROWS * FROM yf_admin_rights_group WHERE 1   AND rights_group_id=1 LIMIT 500 
17:07:39 05/17/19 FILE=D:/Project/JLDS/web/shop_admin/index.php [debug] SELECT  SQL_CALC_FOUND_ROWS menu_id FROM yf_admin_menu WHERE 1   AND menu_url_ctl="Config" AND menu_url_met="cache" AND menu_url_parem="typ=json" LIMIT 0, 1
